<?xml version="1.0" encoding="utf-8"?>
<coverage line-rate="0.9716" branch-rate="0.95" version="1.9" timestamp="1628473314" lines-covered="137" lines-valid="141" branches-covered="38" branches-valid="40">
  <sources>
    <source>D:\GitHubRepos\domino.game\domino.models\</source>
  </sources>
  <packages>
    <package name="domino.models" line-rate="0.9716" branch-rate="0.95" complexity="54">
      <classes>
        <class name="domino.models.DominoSet" filename="DominoSet.cs" line-rate="1" branch-rate="1" complexity="9">
          <methods>
            <method name="get_Tiles" signature="()" line-rate="1" branch-rate="1" complexity="1">
              <lines>
                <line number="32" hits="2" branch="False" />
                <line number="33" hits="2" branch="False" />
                <line number="34" hits="2" branch="False" />
              </lines>
            </method>
            <method name="Size" signature="()" line-rate="1" branch-rate="1" complexity="1">
              <lines>
                <line number="38" hits="3" branch="False" />
                <line number="39" hits="3" branch="False" />
                <line number="40" hits="3" branch="False" />
              </lines>
            </method>
            <method name="get_MaxEndValue" signature="()" line-rate="1" branch-rate="1" complexity="1">
              <lines>
                <line number="45" hits="2" branch="False" />
                <line number="46" hits="2" branch="False" />
                <line number="47" hits="2" branch="False" />
              </lines>
            </method>
            <method name="ToString" signature="()" line-rate="1" branch-rate="1" complexity="2">
              <lines>
                <line number="51" hits="1" branch="False" />
                <line number="52" hits="1" branch="False" />
                <line number="53" hits="59" branch="True" condition-coverage="100% (2/2)">
                  <conditions>
                    <condition number="52" type="jump" coverage="100%" />
                  </conditions>
                </line>
                <line number="54" hits="28" branch="False" />
                <line number="55" hits="28" branch="False" />
                <line number="56" hits="28" branch="False" />
                <line number="57" hits="1" branch="False" />
                <line number="58" hits="1" branch="False" />
              </lines>
            </method>
            <method name=".ctor" signature="(System.Int32)" line-rate="1" branch-rate="1" complexity="4">
              <lines>
                <line number="8" hits="5" branch="False" />
                <line number="10" hits="5" branch="False" />
                <line number="12" hits="5" branch="False" />
                <line number="13" hits="5" branch="False" />
                <line number="14" hits="5" branch="False" />
                <line number="16" hits="5" branch="False" />
                <line number="17" hits="80" branch="True" condition-coverage="100% (2/2)">
                  <conditions>
                    <condition number="114" type="jump" coverage="100%" />
                  </conditions>
                </line>
                <line number="18" hits="35" branch="False" />
                <line number="19" hits="175" branch="True" condition-coverage="100% (2/2)">
                  <conditions>
                    <condition number="87" type="jump" coverage="100%" />
                  </conditions>
                </line>
                <line number="20" hits="140" branch="False" />
                <line number="21" hits="140" branch="False" />
                <line number="22" hits="140" branch="False" />
                <line number="23" hits="140" branch="False" />
                <line number="24" hits="140" branch="False" />
                <line number="25" hits="35" branch="False" />
                <line number="26" hits="35" branch="False" />
                <line number="27" hits="5" branch="False" />
              </lines>
            </method>
          </methods>
          <lines>
            <line number="32" hits="2" branch="False" />
            <line number="33" hits="2" branch="False" />
            <line number="34" hits="2" branch="False" />
            <line number="38" hits="3" branch="False" />
            <line number="39" hits="3" branch="False" />
            <line number="40" hits="3" branch="False" />
            <line number="45" hits="2" branch="False" />
            <line number="46" hits="2" branch="False" />
            <line number="47" hits="2" branch="False" />
            <line number="51" hits="1" branch="False" />
            <line number="52" hits="1" branch="False" />
            <line number="53" hits="59" branch="True" condition-coverage="100% (2/2)">
              <conditions>
                <condition number="52" type="jump" coverage="100%" />
              </conditions>
            </line>
            <line number="54" hits="28" branch="False" />
            <line number="55" hits="28" branch="False" />
            <line number="56" hits="28" branch="False" />
            <line number="57" hits="1" branch="False" />
            <line number="58" hits="1" branch="False" />
            <line number="8" hits="5" branch="False" />
            <line number="10" hits="5" branch="False" />
            <line number="12" hits="5" branch="False" />
            <line number="13" hits="5" branch="False" />
            <line number="14" hits="5" branch="False" />
            <line number="16" hits="5" branch="False" />
            <line number="17" hits="80" branch="True" condition-coverage="100% (2/2)">
              <conditions>
                <condition number="114" type="jump" coverage="100%" />
              </conditions>
            </line>
            <line number="18" hits="35" branch="False" />
            <line number="19" hits="175" branch="True" condition-coverage="100% (2/2)">
              <conditions>
                <condition number="87" type="jump" coverage="100%" />
              </conditions>
            </line>
            <line number="20" hits="140" branch="False" />
            <line number="21" hits="140" branch="False" />
            <line number="22" hits="140" branch="False" />
            <line number="23" hits="140" branch="False" />
            <line number="24" hits="140" branch="False" />
            <line number="25" hits="35" branch="False" />
            <line number="26" hits="35" branch="False" />
            <line number="27" hits="5" branch="False" />
          </lines>
        </class>
        <class name="domino.models.Stock" filename="Stock.cs" line-rate="0.9375" branch-rate="0.9" complexity="25">
          <methods>
            <method name="MaxNumberTiles" signature="()" line-rate="0.7777" branch-rate="0.5" complexity="2">
              <lines>
                <line number="32" hits="8" branch="False" />
                <line number="35" hits="8" branch="True" condition-coverage="50% (1/2)">
                  <conditions>
                    <condition number="15" type="jump" coverage="50%" />
                  </conditions>
                </line>
                <line number="36" hits="8" branch="False" />
                <line number="37" hits="8" branch="False" />
                <line number="38" hits="8" branch="False" />
                <line number="39" hits="8" branch="False" />
                <line number="42" hits="0" branch="False" />
                <line number="43" hits="0" branch="False" />
                <line number="45" hits="8" branch="False" />
              </lines>
            </method>
            <method name="AddTile" signature="(domino.models.Tile)" line-rate="0.9166" branch-rate="0.9375" complexity="16">
              <lines>
                <line number="48" hits="146" branch="False" />
                <line number="49" hits="146" branch="True" condition-coverage="100% (4/4)">
                  <conditions>
                    <condition number="7" type="jump" coverage="100%" />
                    <condition number="18" type="jump" coverage="100%" />
                  </conditions>
                </line>
                <line number="50" hits="8" branch="False" />
                <line number="51" hits="8" branch="False" />
                <line number="52" hits="8" branch="False" />
                <line number="53" hits="8" branch="False" />
                <line number="55" hits="146" branch="True" condition-coverage="50% (1/2)">
                  <conditions>
                    <condition number="63" type="jump" coverage="50%" />
                  </conditions>
                </line>
                <line number="56" hits="0" branch="False" />
                <line number="57" hits="0" branch="False" />
                <line number="60" hits="146" branch="True" condition-coverage="100% (2/2)">
                  <conditions>
                    <condition number="85" type="jump" coverage="100%" />
                  </conditions>
                </line>
                <line number="61" hits="1" branch="False" />
                <line number="62" hits="1" branch="False" />
                <line number="65" hits="4218" branch="True" condition-coverage="100% (2/2)">
                  <conditions>
                    <condition number="183" type="jump" coverage="100%" />
                  </conditions>
                </line>
                <line number="66" hits="1892" branch="False" />
                <line number="67" hits="1892" branch="True" condition-coverage="100% (4/4)">
                  <conditions>
                    <condition number="137" type="jump" coverage="100%" />
                    <condition number="161" type="jump" coverage="100%" />
                  </conditions>
                </line>
                <line number="68" hits="1" branch="False" />
                <line number="69" hits="1" branch="False" />
                <line number="71" hits="1891" branch="False" />
                <line number="73" hits="144" branch="False" />
                <line number="75" hits="144" branch="True" condition-coverage="100% (2/2)">
                  <conditions>
                    <condition number="238" type="jump" coverage="100%" />
                  </conditions>
                </line>
                <line number="76" hits="5" branch="False" />
                <line number="77" hits="5" branch="False" />
                <line number="78" hits="5" branch="False" />
                <line number="80" hits="144" branch="False" />
              </lines>
            </method>
            <method name="RandomTileRemoval" signature="()" line-rate="1" branch-rate="1" complexity="2">
              <lines>
                <line number="83" hits="30" branch="False" />
                <line number="84" hits="30" branch="False" />
                <line number="85" hits="30" branch="True" condition-coverage="100% (2/2)">
                  <conditions>
                    <condition number="14" type="jump" coverage="100%" />
                  </conditions>
                </line>
                <line number="86" hits="29" branch="False" />
                <line number="87" hits="29" branch="False" />
                <line number="89" hits="29" branch="False" />
                <line number="90" hits="29" branch="False" />
                <line number="91" hits="29" branch="False" />
                <line number="94" hits="1" branch="False" />
                <line number="95" hits="1" branch="False" />
                <line number="99" hits="30" branch="False" />
              </lines>
            </method>
            <method name="get_TileCount" signature="()" line-rate="1" branch-rate="1" complexity="1">
              <lines>
                <line number="104" hits="213" branch="False" />
                <line number="105" hits="213" branch="False" />
                <line number="106" hits="213" branch="False" />
              </lines>
            </method>
            <method name="get_TileSet" signature="()" line-rate="1" branch-rate="1" complexity="1">
              <lines>
                <line number="112" hits="1" branch="False" />
                <line number="113" hits="1" branch="False" />
                <line number="114" hits="1" branch="False" />
              </lines>
            </method>
            <method name=".ctor" signature="(domino.models.DominoSet)" line-rate="1" branch-rate="1" complexity="1">
              <lines>
                <line number="11" hits="10" branch="False" />
                <line number="13" hits="10" branch="False" />
                <line number="15" hits="10" branch="False" />
                <line number="17" hits="10" branch="False" />
                <line number="19" hits="1" branch="False" />
                <line number="20" hits="1" branch="False" />
                <line number="21" hits="1" branch="False" />
                <line number="22" hits="1" branch="False" />
                <line number="23" hits="1" branch="False" />
                <line number="24" hits="1" branch="False" />
              </lines>
            </method>
            <method name=".ctor" signature="()" line-rate="1" branch-rate="1" complexity="1">
              <lines>
                <line number="26" hits="9" branch="False" />
                <line number="27" hits="9" branch="False" />
                <line number="29" hits="9" branch="False" />
              </lines>
            </method>
            <method name=".cctor" signature="()" line-rate="1" branch-rate="1" complexity="1">
              <lines>
                <line number="9" hits="1" branch="False" />
              </lines>
            </method>
          </methods>
          <lines>
            <line number="32" hits="8" branch="False" />
            <line number="35" hits="8" branch="True" condition-coverage="50% (1/2)">
              <conditions>
                <condition number="15" type="jump" coverage="50%" />
              </conditions>
            </line>
            <line number="36" hits="8" branch="False" />
            <line number="37" hits="8" branch="False" />
            <line number="38" hits="8" branch="False" />
            <line number="39" hits="8" branch="False" />
            <line number="42" hits="0" branch="False" />
            <line number="43" hits="0" branch="False" />
            <line number="45" hits="8" branch="False" />
            <line number="48" hits="146" branch="False" />
            <line number="49" hits="146" branch="True" condition-coverage="100% (4/4)">
              <conditions>
                <condition number="7" type="jump" coverage="100%" />
                <condition number="18" type="jump" coverage="100%" />
              </conditions>
            </line>
            <line number="50" hits="8" branch="False" />
            <line number="51" hits="8" branch="False" />
            <line number="52" hits="8" branch="False" />
            <line number="53" hits="8" branch="False" />
            <line number="55" hits="146" branch="True" condition-coverage="50% (1/2)">
              <conditions>
                <condition number="63" type="jump" coverage="50%" />
              </conditions>
            </line>
            <line number="56" hits="0" branch="False" />
            <line number="57" hits="0" branch="False" />
            <line number="60" hits="146" branch="True" condition-coverage="100% (2/2)">
              <conditions>
                <condition number="85" type="jump" coverage="100%" />
              </conditions>
            </line>
            <line number="61" hits="1" branch="False" />
            <line number="62" hits="1" branch="False" />
            <line number="65" hits="4218" branch="True" condition-coverage="100% (2/2)">
              <conditions>
                <condition number="183" type="jump" coverage="100%" />
              </conditions>
            </line>
            <line number="66" hits="1892" branch="False" />
            <line number="67" hits="1892" branch="True" condition-coverage="100% (4/4)">
              <conditions>
                <condition number="137" type="jump" coverage="100%" />
                <condition number="161" type="jump" coverage="100%" />
              </conditions>
            </line>
            <line number="68" hits="1" branch="False" />
            <line number="69" hits="1" branch="False" />
            <line number="71" hits="1891" branch="False" />
            <line number="73" hits="144" branch="False" />
            <line number="75" hits="144" branch="True" condition-coverage="100% (2/2)">
              <conditions>
                <condition number="238" type="jump" coverage="100%" />
              </conditions>
            </line>
            <line number="76" hits="5" branch="False" />
            <line number="77" hits="5" branch="False" />
            <line number="78" hits="5" branch="False" />
            <line number="80" hits="144" branch="False" />
            <line number="83" hits="30" branch="False" />
            <line number="84" hits="30" branch="False" />
            <line number="85" hits="30" branch="True" condition-coverage="100% (2/2)">
              <conditions>
                <condition number="14" type="jump" coverage="100%" />
              </conditions>
            </line>
            <line number="86" hits="29" branch="False" />
            <line number="87" hits="29" branch="False" />
            <line number="89" hits="29" branch="False" />
            <line number="90" hits="29" branch="False" />
            <line number="91" hits="29" branch="False" />
            <line number="94" hits="1" branch="False" />
            <line number="95" hits="1" branch="False" />
            <line number="99" hits="30" branch="False" />
            <line number="104" hits="213" branch="False" />
            <line number="105" hits="213" branch="False" />
            <line number="106" hits="213" branch="False" />
            <line number="112" hits="1" branch="False" />
            <line number="113" hits="1" branch="False" />
            <line number="114" hits="1" branch="False" />
            <line number="11" hits="10" branch="False" />
            <line number="13" hits="10" branch="False" />
            <line number="15" hits="10" branch="False" />
            <line number="17" hits="10" branch="False" />
            <line number="19" hits="1" branch="False" />
            <line number="20" hits="1" branch="False" />
            <line number="21" hits="1" branch="False" />
            <line number="22" hits="1" branch="False" />
            <line number="23" hits="1" branch="False" />
            <line number="24" hits="1" branch="False" />
            <line number="26" hits="9" branch="False" />
            <line number="27" hits="9" branch="False" />
            <line number="29" hits="9" branch="False" />
            <line number="9" hits="1" branch="False" />
          </lines>
        </class>
        <class name="domino.models.Tile" filename="Tile.cs" line-rate="1" branch-rate="1" complexity="13">
          <methods>
            <method name="get_End1" signature="()" line-rate="1" branch-rate="1" complexity="1">
              <lines>
                <line number="34" hits="3833" branch="False" />
                <line number="35" hits="3833" branch="False" />
                <line number="36" hits="3833" branch="False" />
              </lines>
            </method>
            <method name="get_End2" signature="()" line-rate="1" branch-rate="1" complexity="1">
              <lines>
                <line number="42" hits="613" branch="False" />
                <line number="43" hits="613" branch="False" />
                <line number="44" hits="613" branch="False" />
              </lines>
            </method>
            <method name="get_MaxEndValue" signature="()" line-rate="1" branch-rate="1" complexity="1">
              <lines>
                <line number="50" hits="155" branch="False" />
                <line number="51" hits="155" branch="False" />
                <line number="52" hits="155" branch="False" />
              </lines>
            </method>
            <method name="ToString" signature="()" line-rate="1" branch-rate="1" complexity="1">
              <lines>
                <line number="56" hits="29" branch="False" />
                <line number="57" hits="29" branch="False" />
                <line number="58" hits="29" branch="False" />
                <line number="59" hits="29" branch="False" />
                <line number="60" hits="29" branch="False" />
              </lines>
            </method>
            <method name=".ctor" signature="(System.Int32,System.Int32)" line-rate="1" branch-rate="1" complexity="8">
              <lines>
                <line number="11" hits="338" branch="False" />
                <line number="13" hits="338" branch="False" />
                <line number="15" hits="338" branch="False" />
                <line number="16" hits="338" branch="False" />
                <line number="17" hits="338" branch="True" condition-coverage="100% (4/4)">
                  <conditions>
                    <condition number="36" type="jump" coverage="100%" />
                    <condition number="51" type="jump" coverage="100%" />
                  </conditions>
                </line>
                <line number="18" hits="1" branch="False" />
                <line number="19" hits="1" branch="False" />
                <line number="22" hits="337" branch="True" condition-coverage="100% (4/4)">
                  <conditions>
                    <condition number="82" type="jump" coverage="100%" />
                    <condition number="93" type="jump" coverage="100%" />
                  </conditions>
                </line>
                <line number="23" hits="1" branch="False" />
                <line number="24" hits="1" branch="False" />
                <line number="27" hits="336" branch="False" />
                <line number="28" hits="336" branch="False" />
                <line number="29" hits="336" branch="False" />
              </lines>
            </method>
            <method name=".cctor" signature="()" line-rate="1" branch-rate="1" complexity="1">
              <lines>
                <line number="9" hits="1" branch="False" />
              </lines>
            </method>
          </methods>
          <lines>
            <line number="34" hits="3833" branch="False" />
            <line number="35" hits="3833" branch="False" />
            <line number="36" hits="3833" branch="False" />
            <line number="42" hits="613" branch="False" />
            <line number="43" hits="613" branch="False" />
            <line number="44" hits="613" branch="False" />
            <line number="50" hits="155" branch="False" />
            <line number="51" hits="155" branch="False" />
            <line number="52" hits="155" branch="False" />
            <line number="56" hits="29" branch="False" />
            <line number="57" hits="29" branch="False" />
            <line number="58" hits="29" branch="False" />
            <line number="59" hits="29" branch="False" />
            <line number="60" hits="29" branch="False" />
            <line number="11" hits="338" branch="False" />
            <line number="13" hits="338" branch="False" />
            <line number="15" hits="338" branch="False" />
            <line number="16" hits="338" branch="False" />
            <line number="17" hits="338" branch="True" condition-coverage="100% (4/4)">
              <conditions>
                <condition number="36" type="jump" coverage="100%" />
                <condition number="51" type="jump" coverage="100%" />
              </conditions>
            </line>
            <line number="18" hits="1" branch="False" />
            <line number="19" hits="1" branch="False" />
            <line number="22" hits="337" branch="True" condition-coverage="100% (4/4)">
              <conditions>
                <condition number="82" type="jump" coverage="100%" />
                <condition number="93" type="jump" coverage="100%" />
              </conditions>
            </line>
            <line number="23" hits="1" branch="False" />
            <line number="24" hits="1" branch="False" />
            <line number="27" hits="336" branch="False" />
            <line number="28" hits="336" branch="False" />
            <line number="29" hits="336" branch="False" />
            <line number="9" hits="1" branch="False" />
          </lines>
        </class>
        <class name="domino.models.Utils" filename="Utils.cs" line-rate="1" branch-rate="1" complexity="7">
          <methods>
            <method name="factorial" signature="(System.Int32)" line-rate="1" branch-rate="1" complexity="6">
              <lines>
                <line number="8" hits="311" branch="False" />
                <line number="9" hits="311" branch="True" condition-coverage="100% (2/2)">
                  <conditions>
                    <condition number="7" type="jump" coverage="100%" />
                  </conditions>
                </line>
                <line number="10" hits="1" branch="False" />
                <line number="11" hits="1" branch="False" />
                <line number="13" hits="310" branch="True" condition-coverage="100% (4/4)">
                  <conditions>
                    <condition number="22" type="jump" coverage="100%" />
                    <condition number="33" type="jump" coverage="100%" />
                  </conditions>
                </line>
                <line number="14" hits="69" branch="False" />
                <line number="15" hits="69" branch="False" />
                <line number="18" hits="241" branch="False" />
                <line number="19" hits="241" branch="False" />
                <line number="21" hits="310" branch="False" />
              </lines>
            </method>
            <method name="DominoSetSize" signature="(System.Int32)" line-rate="1" branch-rate="1" complexity="1">
              <lines>
                <line number="24" hits="13" branch="False" />
                <line number="25" hits="13" branch="False" />
                <line number="26" hits="13" branch="False" />
                <line number="27" hits="13" branch="False" />
                <line number="28" hits="13" branch="False" />
              </lines>
            </method>
          </methods>
          <lines>
            <line number="8" hits="311" branch="False" />
            <line number="9" hits="311" branch="True" condition-coverage="100% (2/2)">
              <conditions>
                <condition number="7" type="jump" coverage="100%" />
              </conditions>
            </line>
            <line number="10" hits="1" branch="False" />
            <line number="11" hits="1" branch="False" />
            <line number="13" hits="310" branch="True" condition-coverage="100% (4/4)">
              <conditions>
                <condition number="22" type="jump" coverage="100%" />
                <condition number="33" type="jump" coverage="100%" />
              </conditions>
            </line>
            <line number="14" hits="69" branch="False" />
            <line number="15" hits="69" branch="False" />
            <line number="18" hits="241" branch="False" />
            <line number="19" hits="241" branch="False" />
            <line number="21" hits="310" branch="False" />
            <line number="24" hits="13" branch="False" />
            <line number="25" hits="13" branch="False" />
            <line number="26" hits="13" branch="False" />
            <line number="27" hits="13" branch="False" />
            <line number="28" hits="13" branch="False" />
          </lines>
        </class>
      </classes>
    </package>
  </packages>
</coverage>